\BOOKMARK [0][-]{Doc-Start}{\376\377\000K\000A\000T\000A\000\040\000P\000E\000N\000G\000A\000N\000T\000A\000R}{}% 1
\BOOKMARK [0][-]{Doc-Start}{\376\377\000D\000A\000F\000T\000A\000R\000\040\000I\000S\000I}{}% 2
\BOOKMARK [0][-]{chapter*.1}{\376\377\000D\000A\000F\000T\000A\000R\000\040\000G\000A\000M\000B\000A\000R}{}% 3
\BOOKMARK [0][-]{chapter*.2}{\376\377\000D\000A\000F\000T\000A\000R\000\040\000T\000A\000B\000E\000L}{}% 4
\BOOKMARK [0][-]{chapter.1}{\376\377\0001\000\040\000V\000I\000R\000T\000U\000A\000L\000\040\000M\000O\000U\000S\000E\000\040\000U\000S\000I\000N\000G\000\040\000H\000A\000N\000D\000\040\000G\000E\000S\000T\000U\000R\000E\000\040\000P\000Y\000T\000H\000O\000N}{}% 5
\BOOKMARK [1][-]{section.1.1}{\376\377\0001\000.\0001\000\040\000V\000i\000r\000t\000u\000a\000l\000\040\000M\000o\000u\000s\000e\000\040\000H\000a\000n\000d\000\040\000G\000e\000s\000t\000u\000r\000e}{chapter.1}% 6
\BOOKMARK [0][-]{chapter.2}{\376\377\0002\000\040\000P\000E\000N\000G\000E\000N\000A\000L\000A\000N\000\040\000B\000A\000H\000A\000S\000A\000\040\000P\000E\000M\000O\000G\000R\000A\000M\000A\000N}{}% 7
\BOOKMARK [1][-]{section.2.1}{\376\377\0002\000.\0001\000\040\000S\000e\000j\000a\000r\000a\000h\000\040\000P\000T\000.\000\040\000N\000A\000S\000A}{chapter.2}% 8
\BOOKMARK [1][-]{section.2.2}{\376\377\0002\000.\0002\000\040\000V\000i\000s\000i\000\040\000d\000a\000n\000\040\000M\000i\000s\000i}{chapter.2}% 9
\BOOKMARK [1][-]{section.2.3}{\376\377\0002\000.\0003\000\040\000S\000t\000r\000u\000k\000t\000u\000r\000\040\000O\000r\000g\000a\000n\000i\000s\000a\000s\000i}{chapter.2}% 10
\BOOKMARK [0][-]{chapter.3}{\376\377\0003\000\040\000T\000I\000N\000J\000A\000U\000A\000N\000\040\000P\000U\000S\000T\000A\000K\000A}{}% 11
\BOOKMARK [1][-]{section.3.1}{\376\377\0003\000.\0001\000\040\000R\000o\000k\000e\000t\000\040\000L\000u\000a\000r\000\040\000A\000n\000g\000k\000a\000s\000a}{chapter.3}% 12
\BOOKMARK [1][-]{section.3.2}{\376\377\0003\000.\0002\000\040\000G\000r\000a\000v\000i\000t\000a\000s\000i}{chapter.3}% 13
\BOOKMARK [2][-]{subsection.3.2.1}{\376\377\0003\000.\0002\000.\0001\000\040\000H\000u\000k\000u\000m\000\040\000N\000e\000w\000t\000o\000n}{section.3.2}% 14
\BOOKMARK [2][-]{subsection.3.2.2}{\376\377\0003\000.\0002\000.\0002\000\040\000A\000n\000t\000i\000\040\000G\000r\000a\000v\000i\000t\000a\000s\000i}{section.3.2}% 15
\BOOKMARK [0][-]{chapter.4}{\376\377\0004\000\040\000D\000E\000S\000A\000I\000N\000\040\000D\000A\000N\000\040\000I\000M\000P\000L\000E\000M\000E\000N\000T\000A\000S\000I}{}% 16
\BOOKMARK [1][-]{section.4.1}{\376\377\0004\000.\0001\000\040\000D\000e\000s\000k\000r\000i\000p\000s\000i\000\040\000S\000i\000s\000t\000e\000m}{chapter.4}% 17
\BOOKMARK [1][-]{section.4.2}{\376\377\0004\000.\0002\000\040\000I\000m\000p\000l\000e\000m\000e\000n\000t\000a\000s\000i\000\040\000A\000l\000a\000t}{chapter.4}% 18
\BOOKMARK [0][-]{chapter.5}{\376\377\0005\000\040\000P\000E\000N\000G\000U\000J\000I\000A\000N\000\040\000D\000A\000N\000\040\000E\000V\000A\000L\000U\000A\000S\000I}{}% 19
\BOOKMARK [1][-]{section.5.1}{\376\377\0005\000.\0001\000\040\000S\000k\000e\000n\000a\000r\000i\000o\000\040\000P\000e\000n\000g\000u\000j\000i\000a\000n}{chapter.5}% 20
\BOOKMARK [1][-]{section.5.2}{\376\377\0005\000.\0002\000\040\000E\000v\000a\000l\000u\000a\000s\000i\000\040\000P\000e\000n\000g\000u\000j\000i\000a\000n}{chapter.5}% 21
\BOOKMARK [0][-]{chapter.6}{\376\377\0006\000\040\000K\000E\000S\000I\000M\000P\000U\000L\000A\000N\000\040\000D\000A\000N\000\040\000S\000A\000R\000A\000N}{}% 22
\BOOKMARK [1][-]{section.6.1}{\376\377\0006\000.\0001\000\040\000K\000e\000s\000i\000m\000p\000u\000l\000a\000n}{chapter.6}% 23
\BOOKMARK [1][-]{section.6.2}{\376\377\0006\000.\0002\000\040\000S\000a\000r\000a\000n}{chapter.6}% 24
\BOOKMARK [0][-]{Item.30}{\376\377\000D\000A\000F\000T\000A\000R\000\040\000P\000U\000S\000T\000A\000K\000A}{}% 25
\BOOKMARK [0][-]{Item.30}{\376\377\000B\000I\000O\000G\000R\000A\000F\000I\000\040\000P\000E\000N\000U\000L\000I\000S}{}% 26
